SF:lib/presentation/bloc/popular_bloc.dart
DA:13,1
DA:14,2
DA:15,2
DA:16,1
DA:18,2
DA:20,1
DA:21,3
DA:22,3
DA:24,1
DA:25,1
DA:26,3
DA:28,1
DA:29,2
LF:13
LH:13
end_of_record
SF:lib/presentation/bloc/popular_event.dart
DA:7,2
DA:9,0
DA:10,0
LF:3
LH:1
end_of_record
SF:lib/presentation/pages/popular_movies_page.dart
DA:13,1
DA:15,1
DA:16,1
DA:20,1
DA:22,1
DA:23,1
DA:24,7
DA:28,1
DA:30,1
DA:31,1
DA:32,4
DA:36,1
DA:38,1
DA:39,1
DA:40,1
DA:44,1
DA:45,1
DA:46,1
DA:47,0
DA:48,0
DA:49,0
DA:51,1
DA:53,1
DA:54,1
DA:56,2
DA:59,0
LF:26
LH:22
end_of_record
