SF:lib/presentation/bloc/top_rated_bloc.dart
DA:13,1
DA:14,2
DA:15,2
DA:16,1
DA:18,2
DA:20,1
DA:21,3
DA:22,3
DA:24,1
DA:25,1
DA:26,3
DA:28,1
DA:29,2
LF:13
LH:13
end_of_record
SF:lib/presentation/bloc/top_rated_event.dart
DA:7,2
DA:9,0
DA:10,0
LF:3
LH:1
end_of_record
SF:lib/presentation/pages/top_rated_movies_page.dart
DA:13,1
DA:15,1
DA:16,1
DA:20,1
DA:22,1
DA:23,2
DA:24,6
DA:27,1
DA:29,1
DA:30,1
DA:31,4
DA:35,1
DA:37,1
DA:38,1
DA:39,1
DA:43,1
DA:44,1
DA:45,1
DA:46,0
DA:47,0
DA:48,0
DA:50,1
DA:52,1
DA:53,1
DA:55,2
DA:58,0
LF:26
LH:22
end_of_record
