SF:lib/domain/entities/movie.dart
DA:4,11
DA:13,2
DA:27,11
DA:28,11
DA:29,11
DA:30,11
DA:31,11
DA:32,11
DA:33,11
DA:34,11
LF:10
LH:10
end_of_record
SF:lib/domain/usecases/get_top_rated_movies.dart
DA:14,1
DA:16,1
DA:18,2
LF:3
LH:3
end_of_record
SF:lib/common/network_info.dart
DA:10,0
DA:12,0
DA:13,0
LF:3
LH:0
end_of_record
SF:lib/data/datasources/db/database_helper.dart
DA:10,0
DA:14,0
DA:18,0
DA:19,0
DA:26,0
DA:27,0
DA:28,0
DA:30,0
DA:34,0
DA:35,0
DA:43,0
DA:44,0
DA:52,0
DA:55,0
DA:57,0
DA:58,0
DA:59,0
DA:60,0
DA:61,0
DA:62,0
DA:67,0
DA:68,0
DA:69,0
DA:72,0
DA:78,0
DA:79,0
DA:80,0
DA:83,0
DA:87,0
DA:88,0
DA:89,0
DA:90,0
DA:91,0
DA:94,0
DA:95,0
DA:96,0
DA:99,0
DA:103,0
DA:104,0
DA:105,0
DA:108,0
DA:111,0
DA:112,0
DA:118,0
DA:119,0
DA:120,0
DA:123,0
LF:47
LH:0
end_of_record
SF:lib/data/datasources/movie_local_data_source.dart
DA:27,1
DA:30,1
DA:32,3
DA:35,2
DA:40,1
DA:42,3
DA:45,2
DA:50,1
DA:51,3
DA:53,1
DA:60,1
DA:61,3
DA:62,4
DA:66,1
DA:67,3
DA:68,3
DA:72,1
DA:73,3
DA:74,1
DA:75,4
DA:77,1
DA:82,1
DA:83,3
DA:84,3
DA:88,1
DA:89,3
DA:91,1
DA:92,4
DA:94,1
LF:29
LH:29
end_of_record
SF:lib/data/datasources/movie_remote_data_source.dart
DA:46,1
DA:49,1
DA:51,5
DA:53,2
DA:54,4
DA:56,1
DA:61,1
DA:63,5
DA:65,2
DA:66,3
DA:68,1
DA:73,1
DA:74,2
DA:75,3
DA:77,2
DA:78,4
DA:80,1
DA:85,1
DA:87,5
DA:89,2
DA:90,4
DA:92,1
DA:97,1
DA:99,5
DA:101,2
DA:102,4
DA:104,1
DA:109,1
DA:110,2
DA:111,3
DA:113,2
DA:114,4
DA:116,1
DA:121,1
DA:123,5
DA:125,2
DA:126,4
DA:128,1
DA:133,1
DA:135,5
DA:137,2
DA:138,4
DA:140,1
DA:145,1
DA:147,5
DA:149,2
DA:150,4
DA:152,1
DA:157,1
DA:158,5
DA:160,2
DA:161,3
DA:163,1
DA:168,1
DA:169,2
DA:170,3
DA:172,2
DA:173,4
DA:175,1
DA:180,1
DA:181,2
DA:182,3
DA:184,2
DA:185,4
DA:187,1
LF:65
LH:65
end_of_record
SF:lib/data/models/movie_detail_model.dart
DA:7,2
DA:53,1
DA:54,1
DA:55,1
DA:56,1
DA:57,1
DA:58,1
DA:59,4
DA:60,1
DA:61,1
DA:62,1
DA:63,1
DA:64,1
DA:65,1
DA:66,2
DA:67,1
DA:68,1
DA:69,1
DA:70,1
DA:71,1
DA:72,1
DA:73,1
DA:74,1
DA:75,2
DA:76,1
DA:79,1
DA:80,1
DA:81,5
DA:82,1
DA:83,1
DA:84,1
DA:85,1
DA:86,1
DA:87,1
DA:88,1
DA:92,1
DA:93,1
DA:94,1
DA:95,1
DA:96,1
DA:97,1
DA:98,1
DA:99,1
DA:100,1
DA:101,1
DA:102,1
DA:103,1
DA:104,1
DA:105,1
DA:106,1
DA:107,1
DA:108,1
DA:109,1
DA:110,1
DA:111,1
DA:112,1
DA:113,1
DA:114,1
LF:58
LH:58
end_of_record
SF:lib/data/models/movie_model.dart
DA:6,5
DA:36,4
DA:37,2
DA:38,2
DA:39,8
DA:40,2
DA:41,2
DA:42,2
DA:43,4
DA:44,2
DA:45,2
DA:46,2
DA:47,2
DA:48,4
DA:49,2
DA:52,2
DA:53,1
DA:54,1
DA:55,4
DA:56,1
DA:57,1
DA:58,1
DA:59,1
DA:60,1
DA:61,1
DA:62,1
DA:63,1
DA:64,1
DA:65,1
DA:68,2
DA:69,2
DA:70,2
DA:71,2
DA:72,2
DA:73,2
DA:74,2
DA:75,2
DA:79,2
DA:80,2
DA:81,2
DA:82,2
DA:83,2
DA:84,2
DA:85,2
DA:86,2
DA:87,2
DA:88,2
DA:89,2
DA:90,2
DA:91,2
DA:92,2
DA:93,2
LF:52
LH:52
end_of_record
SF:lib/data/models/movie_table.dart
DA:14,6
DA:21,2
DA:22,1
DA:23,1
DA:24,1
DA:25,1
DA:28,2
DA:29,1
DA:30,1
DA:31,1
DA:32,1
DA:35,2
DA:36,1
DA:37,1
DA:38,1
DA:39,1
DA:42,2
DA:43,1
DA:44,1
DA:45,1
DA:46,1
DA:49,0
DA:50,0
DA:51,0
DA:52,0
DA:53,0
DA:56,4
DA:57,2
DA:58,2
DA:59,2
DA:60,2
DA:63,3
DA:64,15
LF:33
LH:28
end_of_record
SF:lib/data/models/tv_detail_response.dart
DA:8,2
DA:56,1
DA:57,1
DA:58,1
DA:59,4
DA:60,1
DA:61,1
DA:62,4
DA:63,1
DA:64,4
DA:65,1
DA:66,1
DA:67,1
DA:68,1
DA:69,4
DA:70,1
DA:71,1
DA:72,1
DA:73,2
DA:74,1
DA:75,1
DA:76,4
DA:77,1
DA:78,1
DA:79,1
DA:80,2
DA:81,1
DA:84,1
DA:85,1
DA:86,5
DA:87,1
DA:88,1
DA:89,1
DA:90,1
DA:91,2
DA:92,1
DA:93,1
DA:94,5
DA:98,1
DA:99,1
DA:100,1
DA:101,1
DA:102,1
DA:103,1
DA:104,1
DA:105,1
DA:106,1
DA:107,1
DA:108,1
DA:109,1
DA:110,1
DA:111,1
DA:112,1
DA:113,1
DA:114,1
DA:115,1
DA:116,1
DA:117,1
DA:118,1
DA:119,1
DA:120,1
DA:121,1
DA:126,2
DA:144,2
DA:145,1
DA:146,1
DA:147,1
DA:148,1
DA:149,1
DA:150,1
DA:151,1
DA:154,0
DA:155,0
DA:156,0
DA:157,0
DA:158,0
DA:159,0
DA:160,0
DA:161,0
DA:164,1
DA:165,1
DA:166,1
DA:167,1
DA:168,1
DA:169,1
DA:170,1
DA:171,1
DA:172,1
DA:176,1
DA:178,8
LF:90
LH:82
end_of_record
SF:lib/data/models/tv_model.dart
DA:6,5
DA:36,4
DA:37,2
DA:38,4
DA:39,2
DA:40,2
DA:41,4
DA:42,2
DA:43,2
DA:44,8
DA:45,8
DA:46,2
DA:47,2
DA:48,2
DA:49,2
DA:52,2
DA:53,1
DA:54,1
DA:55,1
DA:56,1
DA:57,1
DA:58,1
DA:59,1
DA:60,4
DA:61,4
DA:62,1
DA:63,1
DA:64,1
DA:65,1
DA:68,2
DA:69,2
DA:70,2
DA:71,2
DA:72,2
DA:73,2
DA:74,2
DA:75,2
DA:79,2
DA:80,2
DA:81,2
DA:82,2
DA:83,2
DA:84,2
DA:85,2
DA:86,2
DA:87,2
DA:88,2
DA:89,2
DA:90,2
DA:91,2
DA:92,2
DA:93,2
LF:52
LH:52
end_of_record
SF:lib/domain/entities/movie_detail.dart
DA:7,5
DA:29,2
DA:30,2
DA:31,2
DA:32,2
DA:33,2
DA:34,2
DA:35,2
DA:36,2
DA:37,2
DA:38,2
LF:11
LH:11
end_of_record
SF:lib/utils/failure.dart
DA:6,9
DA:8,2
DA:9,4
DA:13,18
DA:17,4
DA:21,2
DA:25,4
LF:7
LH:7
end_of_record
SF:lib/utils/exception.dart
DA:6,2
DA:12,3
LF:2
LH:2
end_of_record
SF:lib/data/models/movie_response.dart
DA:8,3
DA:10,4
DA:11,4
DA:12,6
DA:13,6
DA:16,2
DA:17,5
DA:20,1
DA:21,2
LF:9
LH:9
end_of_record
SF:lib/data/models/tv_response.dart
DA:7,3
DA:9,4
DA:10,4
DA:11,6
DA:12,6
DA:15,2
DA:16,5
DA:19,1
DA:20,2
LF:9
LH:9
end_of_record
SF:lib/data/models/genre_model.dart
DA:6,3
DA:14,2
DA:15,1
DA:16,1
DA:19,2
DA:20,6
DA:23,1
DA:24,3
LF:8
LH:8
end_of_record
SF:lib/domain/entities/genre.dart
DA:4,5
DA:12,2
DA:13,6
LF:3
LH:3
end_of_record
SF:lib/domain/entities/season.dart
DA:4,4
DA:22,1
DA:24,8
LF:3
LH:3
end_of_record
SF:lib/domain/usecases/get_airing_today_tv_series.dart
DA:14,1
DA:16,1
DA:18,2
LF:3
LH:3
end_of_record
SF:lib/domain/usecases/get_popular_tv_series.dart
DA:14,1
DA:16,1
DA:18,2
LF:3
LH:3
end_of_record
SF:lib/domain/usecases/get_now_playing_movies.dart
DA:14,1
DA:16,1
DA:18,2
LF:3
LH:3
end_of_record
SF:lib/domain/usecases/get_top_rated_tv_series.dart
DA:14,1
DA:16,1
DA:18,2
LF:3
LH:3
end_of_record
SF:lib/domain/usecases/get_popular_movies.dart
DA:14,1
DA:16,1
DA:18,2
LF:3
LH:3
end_of_record
SF:lib/data/repositories/movie_repository_impl.dart
DA:20,1
DA:27,1
DA:28,3
DA:30,3
DA:31,2
DA:32,4
DA:33,5
DA:34,1
DA:35,2
DA:39,3
DA:40,5
DA:41,1
DA:42,3
DA:48,1
DA:50,3
DA:51,2
DA:52,1
DA:53,2
DA:54,1
DA:55,2
DA:60,1
DA:62,3
DA:63,3
DA:64,1
DA:65,2
DA:66,1
DA:67,2
DA:72,1
DA:74,3
DA:75,5
DA:76,1
DA:77,2
DA:78,1
DA:79,2
DA:84,1
DA:86,3
DA:87,5
DA:88,1
DA:89,2
DA:90,1
DA:91,2
DA:96,1
DA:98,3
DA:99,5
DA:100,1
DA:101,2
DA:102,1
DA:103,2
DA:108,1
DA:111,3
DA:112,1
DA:113,1
DA:114,1
DA:115,3
DA:122,1
DA:125,4
DA:126,1
DA:127,1
DA:128,3
DA:133,1
DA:134,3
DA:139,1
DA:141,3
DA:142,5
LF:64
LH:64
end_of_record
SF:lib/utils/state_enum.dart
DA:1,11
DA:3,11
LF:2
LH:2
end_of_record
SF:lib/data/repositories/tv_repository_impl.dart
DA:20,1
DA:27,1
DA:28,3
DA:30,3
DA:31,2
DA:32,4
DA:33,5
DA:34,1
DA:35,2
DA:39,3
DA:40,5
DA:41,1
DA:42,3
DA:48,1
DA:50,3
DA:51,5
DA:52,1
DA:53,2
DA:54,1
DA:55,2
DA:60,1
DA:62,3
DA:63,5
DA:64,1
DA:65,2
DA:66,1
DA:67,2
DA:72,1
DA:74,3
DA:75,2
DA:76,1
DA:77,2
DA:78,1
DA:79,2
DA:84,1
DA:87,3
DA:88,3
DA:89,1
DA:90,2
DA:91,1
DA:92,2
DA:97,1
DA:99,3
DA:100,5
DA:101,1
DA:102,2
DA:103,1
DA:104,2
LF:48
LH:48
end_of_record
SF:lib/presentation/bloc/bloc_event.dart
DA:4,9
DA:6,0
DA:7,0
LF:3
LH:1
end_of_record
SF:lib/presentation/bloc/bloc_state.dart
DA:4,18
DA:6,7
DA:7,7
DA:17,16
DA:19,7
DA:20,14
DA:26,9
DA:28,7
DA:29,14
LF:9
LH:9
end_of_record
SF:lib/presentation/bloc/home/airing_today/airing_today_bloc.dart
DA:11,3
DA:12,2
DA:13,2
DA:15,3
DA:17,1
DA:18,1
DA:19,3
DA:21,1
DA:22,2
LF:9
LH:9
end_of_record
SF:lib/presentation/bloc/home/now_playing/now_playing_bloc.dart
DA:11,3
DA:12,2
DA:13,2
DA:15,3
DA:17,1
DA:18,1
DA:19,3
DA:21,1
DA:22,2
LF:9
LH:9
end_of_record
SF:lib/presentation/bloc/home/popular_movies/popular_movies_bloc.dart
DA:11,3
DA:12,2
DA:13,2
DA:15,3
DA:17,1
DA:18,1
DA:19,3
DA:21,1
DA:22,2
LF:9
LH:9
end_of_record
SF:lib/presentation/bloc/home/popular_tv_series/popular_tv_series_bloc.dart
DA:11,3
DA:12,2
DA:13,2
DA:15,3
DA:17,1
DA:18,1
DA:19,3
DA:21,1
DA:22,2
LF:9
LH:9
end_of_record
SF:lib/presentation/pages/home_page.dart
DA:18,1
DA:19,1
DA:23,1
DA:25,1
DA:26,2
DA:27,4
DA:28,4
DA:29,4
DA:30,4
DA:34,1
DA:36,1
DA:37,1
DA:41,1
DA:43,1
DA:44,1
DA:46,1
DA:47,1
DA:49,1
DA:51,1
DA:52,1
DA:53,1
DA:57,1
DA:58,1
DA:59,1
DA:60,1
DA:63,0
DA:70,1
DA:72,1
DA:74,1
DA:75,1
DA:76,1
DA:80,1
DA:81,1
DA:82,1
DA:83,1
DA:86,0
DA:93,1
DA:95,1
DA:97,1
DA:98,1
DA:99,1
DA:103,1
DA:104,1
DA:105,1
DA:106,1
DA:109,0
DA:116,1
DA:118,1
DA:120,1
DA:121,1
DA:122,1
DA:126,1
DA:127,1
DA:128,1
DA:129,1
DA:132,0
LF:56
LH:52
end_of_record
SF:lib/styles/text_styles.dart
DA:5,0
DA:6,0
DA:7,6
DA:9,0
DA:11,0
DA:15,0
DA:16,0
DA:17,0
DA:18,0
DA:19,0
LF:10
LH:1
end_of_record
SF:lib/presentation/bloc/home/airing_today/airing_today_event.dart
DA:4,2
DA:6,0
DA:7,0
LF:3
LH:1
end_of_record
SF:lib/presentation/bloc/home/now_playing/now_playing_event.dart
DA:4,2
DA:6,0
DA:7,0
LF:3
LH:1
end_of_record
SF:lib/presentation/bloc/home/popular_movies/popular_movies_event.dart
DA:4,2
DA:6,0
DA:7,0
LF:3
LH:1
end_of_record
SF:lib/presentation/bloc/home/popular_tv_series/popular_tv_series_event.dart
DA:4,2
DA:6,0
DA:7,0
LF:3
LH:1
end_of_record
SF:lib/presentation/bloc/home_movie/playing_today/playing_today_bloc.dart
DA:14,1
DA:16,2
DA:17,2
DA:18,1
DA:20,2
DA:22,1
DA:23,3
DA:24,3
DA:26,1
DA:27,1
DA:28,3
DA:30,1
DA:31,2
LF:13
LH:13
end_of_record
SF:lib/presentation/bloc/home_movie/playing_today/playing_today_event.dart
DA:7,2
DA:9,0
DA:10,0
LF:3
LH:1
end_of_record
SF:lib/presentation/bloc/home_movie/popular/popular_movie_bloc.dart
DA:14,1
DA:15,2
DA:16,2
DA:17,1
DA:19,2
DA:21,1
DA:22,3
DA:23,3
DA:25,1
DA:26,1
DA:27,3
DA:29,1
DA:30,2
LF:13
LH:13
end_of_record
SF:lib/presentation/bloc/home_movie/popular/popular_movie_event.dart
DA:7,2
DA:9,0
DA:10,0
LF:3
LH:1
end_of_record
SF:lib/presentation/pages/home_movie_page.dart
DA:22,1
DA:24,1
DA:25,1
DA:29,1
DA:31,1
DA:32,2
DA:33,1
DA:34,1
DA:35,4
DA:36,1
DA:37,1
DA:38,4
DA:39,1
DA:40,1
DA:41,4
DA:45,1
DA:47,1
DA:48,1
DA:49,1
DA:50,3
DA:51,1
DA:52,1
DA:53,0
DA:54,0
DA:57,0
DA:64,1
DA:66,1
DA:67,1
DA:69,1
DA:70,1
DA:72,1
DA:74,1
DA:75,1
DA:76,1
DA:80,1
DA:81,1
DA:82,3
DA:83,1
DA:86,0
DA:90,1
DA:92,0
DA:95,0
DA:98,1
DA:99,1
DA:100,1
DA:104,1
DA:105,1
DA:106,3
DA:107,1
DA:110,0
DA:114,1
DA:116,0
DA:119,0
DA:122,1
DA:123,1
DA:124,1
DA:128,1
DA:129,1
DA:130,3
DA:131,1
DA:134,0
DA:145,1
DA:146,1
DA:148,1
DA:149,1
DA:151,1
DA:153,1
DA:155,1
DA:157,1
DA:171,2
DA:173,2
DA:175,2
DA:177,2
DA:179,0
DA:180,0
DA:181,0
DA:183,0
DA:184,0
DA:185,0
DA:189,0
DA:192,0
DA:194,0
DA:195,0
DA:196,0
DA:199,0
DA:205,4
LF:86
LH:64
end_of_record
SF:lib/presentation/bloc/home_movie/top_rated/top_rated_movie_bloc.dart
DA:13,1
DA:14,2
DA:15,2
DA:16,1
DA:18,2
DA:20,1
DA:21,3
DA:22,3
DA:24,1
DA:25,1
DA:26,3
DA:28,1
DA:29,2
LF:13
LH:13
end_of_record
SF:lib/presentation/bloc/home_movie/top_rated/top_rated_movie_event.dart
DA:7,2
DA:9,0
DA:10,0
LF:3
LH:1
end_of_record
