SF:lib/domain/usecases/search_tv_series.dart
DA:13,1
DA:15,1
DA:17,2
LF:3
LH:3
end_of_record
SF:lib/domain/usecases/search_movies.dart
DA:13,1
DA:15,1
DA:17,2
LF:3
LH:3
end_of_record
SF:lib/presentation/bloc/search_bloc.dart
DA:15,3
DA:16,2
DA:17,1
DA:20,2
DA:21,1
DA:22,1
DA:24,2
DA:25,1
DA:26,3
DA:27,3
DA:29,1
DA:30,1
DA:31,3
DA:33,1
DA:34,2
DA:37,1
DA:40,1
DA:41,3
LF:18
LH:18
end_of_record
SF:lib/presentation/bloc/search_event.dart
DA:6,2
DA:8,0
DA:9,0
DA:16,1
DA:18,0
DA:19,0
LF:6
LH:2
end_of_record
SF:lib/presentation/page/search_page.dart
DA:14,1
DA:16,1
DA:17,1
DA:21,1
DA:23,1
DA:24,2
DA:25,3
DA:29,1
DA:31,1
DA:32,1
DA:33,1
DA:34,3
DA:39,1
DA:41,1
DA:43,1
DA:44,1
DA:45,0
DA:47,0
DA:48,0
DA:58,1
DA:60,1
DA:62,1
DA:63,1
DA:64,1
DA:68,1
DA:69,1
DA:70,1
DA:71,1
DA:72,1
DA:74,1
DA:75,1
DA:76,3
DA:78,1
DA:80,1
DA:81,1
DA:83,1
DA:84,1
DA:85,1
DA:99,1
DA:100,1
DA:101,1
DA:103,2
DA:107,0
DA:108,0
LF:44
LH:39
end_of_record
