SF:lib/presentation/bloc/playing_today/playing_today_bloc.dart
DA:14,1
DA:16,2
DA:17,2
DA:18,1
DA:20,2
DA:22,1
DA:23,3
DA:24,3
DA:26,1
DA:27,1
DA:28,3
DA:30,1
DA:31,2
LF:13
LH:13
end_of_record
SF:lib/presentation/bloc/playing_today/playing_today_event.dart
DA:7,2
DA:9,0
DA:10,0
LF:3
LH:1
end_of_record
SF:lib/presentation/bloc/top_rated/top_rated_movie_bloc.dart
DA:14,1
DA:15,2
DA:16,2
DA:17,1
DA:19,2
DA:21,1
DA:22,3
DA:23,3
DA:25,1
DA:26,1
DA:27,3
DA:29,1
DA:30,2
LF:13
LH:13
end_of_record
SF:lib/presentation/bloc/top_rated/top_rated_movie_event.dart
DA:7,2
DA:9,0
DA:10,0
LF:3
LH:1
end_of_record
SF:lib/presentation/bloc/popular/popular_movie_bloc.dart
DA:14,1
DA:15,2
DA:16,2
DA:17,1
DA:19,2
DA:21,1
DA:22,3
DA:23,3
DA:25,1
DA:26,1
DA:27,3
DA:29,1
DA:30,2
LF:13
LH:13
end_of_record
SF:lib/presentation/bloc/popular/popular_movie_event.dart
DA:7,2
DA:9,0
DA:10,0
LF:3
LH:1
end_of_record
SF:lib/presentation/pages/home_movie_page.dart
DA:19,1
DA:21,1
DA:22,1
DA:26,1
DA:28,1
DA:29,2
DA:30,1
DA:31,1
DA:32,4
DA:33,1
DA:34,1
DA:35,4
DA:36,1
DA:37,1
DA:38,4
DA:42,1
DA:44,1
DA:45,1
DA:46,1
DA:47,3
DA:48,1
DA:49,1
DA:50,0
DA:51,0
DA:54,0
DA:61,1
DA:63,1
DA:64,1
DA:66,1
DA:67,1
DA:69,1
DA:71,1
DA:72,1
DA:73,1
DA:77,1
DA:78,1
DA:79,3
DA:80,1
DA:83,0
DA:87,1
DA:89,0
DA:92,0
DA:95,1
DA:96,1
DA:97,1
DA:101,1
DA:102,1
DA:103,3
DA:104,1
DA:107,0
DA:111,1
DA:113,0
DA:116,0
DA:119,1
DA:120,1
DA:121,1
DA:125,1
DA:126,1
DA:127,3
DA:128,1
DA:131,0
DA:142,1
DA:143,1
DA:145,1
DA:146,1
DA:148,1
DA:150,1
DA:152,1
DA:154,1
LF:69
LH:59
end_of_record
