SF:lib/domain/usecases/get_movie_recommendations.dart
DA:13,1
DA:15,1
DA:17,2
LF:3
LH:3
end_of_record
SF:lib/domain/usecases/remove_watchlist.dart
DA:13,1
DA:15,1
DA:17,2
LF:3
LH:3
end_of_record
SF:lib/domain/usecases/get_tv_series_detail.dart
DA:13,1
DA:15,1
DA:17,2
LF:3
LH:3
end_of_record
SF:lib/domain/usecases/save_watchlist.dart
DA:13,1
DA:15,1
DA:17,2
LF:3
LH:3
end_of_record
SF:lib/domain/usecases/get_watchlist_status.dart
DA:10,1
DA:13,1
DA:14,2
LF:3
LH:3
end_of_record
SF:lib/domain/usecases/get_tv_series_recommendations.dart
DA:13,1
DA:15,1
DA:17,2
LF:3
LH:3
end_of_record
SF:lib/domain/usecases/get_movie_detail.dart
DA:13,1
DA:15,1
DA:17,2
LF:3
LH:3
end_of_record
SF:lib/presentation/bloc/recommendation/recommendation_bloc.dart
DA:14,1
DA:16,2
DA:17,2
DA:18,1
DA:19,1
DA:21,2
DA:23,1
DA:24,3
DA:25,3
DA:27,1
DA:28,1
DA:29,3
DA:31,1
DA:32,2
LF:14
LH:14
end_of_record
SF:lib/presentation/bloc/recommendation/recommendation_event.dart
DA:8,2
DA:10,0
DA:11,0
LF:3
LH:1
end_of_record
SF:lib/presentation/bloc/detail_movie/detail_bloc.dart
DA:14,1
DA:15,2
DA:16,2
DA:17,1
DA:18,1
DA:20,2
DA:22,1
DA:23,3
DA:24,3
DA:26,1
DA:27,1
DA:28,3
DA:30,1
DA:31,2
LF:14
LH:14
end_of_record
SF:lib/presentation/bloc/detail_movie/detail_event.dart
DA:8,2
DA:10,0
DA:11,0
LF:3
LH:1
end_of_record
SF:lib/presentation/bloc/watchlist/watchlist_bloc.dart
DA:19,0
DA:21,1
DA:23,1
DA:24,2
DA:25,1
DA:27,3
DA:28,2
DA:31,2
DA:32,1
DA:33,1
DA:35,3
DA:37,2
DA:38,0
DA:39,1
DA:40,1
DA:43,3
DA:46,2
DA:47,1
DA:49,3
DA:51,2
DA:52,0
DA:53,1
DA:54,1
DA:57,3
LF:24
LH:21
end_of_record
SF:lib/presentation/bloc/watchlist/watchlist_state.dart
DA:6,7
DA:8,1
DA:9,2
LF:3
LH:3
end_of_record
SF:lib/presentation/bloc/watchlist/watchlist_event.dart
DA:7,3
DA:9,0
DA:10,0
DA:17,2
DA:19,0
DA:20,0
DA:26,1
DA:28,0
DA:29,0
LF:9
LH:3
end_of_record
SF:lib/presentation/pages/movie_detail_page.dart
DA:24,1
DA:26,1
DA:27,1
DA:31,1
DA:33,1
DA:34,2
DA:35,1
DA:36,1
DA:37,8
DA:38,4
DA:39,6
DA:40,1
DA:41,1
DA:42,5
DA:46,1
DA:48,1
DA:49,1
DA:50,1
DA:51,1
DA:55,1
DA:56,1
DA:57,1
DA:58,4
DA:60,0
DA:61,0
DA:63,0
DA:75,1
DA:80,1
DA:82,3
DA:83,1
DA:84,1
DA:85,1
DA:86,3
DA:88,1
DA:91,0
DA:93,1
DA:95,1
DA:96,1
DA:97,1
DA:107,1
DA:108,1
DA:109,1
DA:111,1
DA:113,1
DA:115,1
DA:116,1
DA:117,2
DA:118,1
DA:120,1
DA:121,1
DA:122,1
DA:123,1
DA:124,1
DA:125,2
DA:126,1
DA:127,3
DA:130,0
DA:131,0
DA:134,2
DA:138,1
DA:139,1
DA:140,2
DA:141,2
DA:143,1
DA:145,1
DA:146,1
DA:154,1
DA:155,3
DA:157,1
DA:158,3
DA:160,1
DA:161,1
DA:162,1
DA:163,3
DA:165,1
DA:171,4
DA:175,1
DA:177,1
DA:179,1
DA:180,2
DA:182,2
DA:183,2
DA:184,0
DA:186,0
DA:188,0
DA:190,0
DA:192,0
DA:194,0
DA:197,0
DA:198,0
DA:199,0
DA:201,0
DA:206,1
DA:207,1
DA:209,1
DA:211,1
DA:212,1
DA:213,1
DA:217,1
DA:218,1
DA:219,1
DA:221,1
DA:223,0
DA:224,0
DA:225,0
DA:227,0
DA:228,0
DA:229,0
DA:233,0
DA:234,0
DA:235,0
DA:238,0
DA:243,0
DA:245,0
DA:246,0
DA:252,0
DA:259,1
DA:262,0
DA:263,0
DA:265,0
DA:273,1
DA:275,1
DA:290,1
DA:292,1
DA:295,1
DA:297,0
DA:298,0
DA:307,1
DA:309,2
DA:310,3
DA:313,1
DA:317,3
DA:320,1
DA:321,1
DA:322,1
DA:324,1
DA:325,1
DA:327,0
DA:336,1
LF:139
LH:103
end_of_record
SF:lib/presentation/widgets/season_tv_card_list.dart
DA:8,0
DA:10,0
DA:12,0
DA:14,0
DA:16,0
DA:17,0
DA:21,0
DA:22,0
DA:24,0
DA:27,0
DA:33,0
DA:34,0
DA:39,0
DA:40,0
LF:14
LH:0
end_of_record
