SF:lib/domain/usecases/get_watchlist_movies.dart
DA:13,1
DA:15,1
DA:17,2
LF:3
LH:3
end_of_record
SF:lib/presentation/bloc/movies/watchlist_movies_bloc.dart
DA:12,3
DA:13,2
DA:14,2
DA:17,4
DA:19,1
DA:20,1
DA:21,3
DA:23,1
DA:24,2
LF:9
LH:9
end_of_record
SF:lib/presentation/bloc/watchlist_event.dart
DA:4,5
DA:6,0
DA:7,0
LF:3
LH:1
end_of_record
SF:lib/presentation/bloc/tv_series/watchlist_tv_series_bloc.dart
DA:12,3
DA:13,2
DA:14,2
DA:17,4
DA:19,1
DA:20,1
DA:21,3
DA:23,1
DA:24,2
LF:9
LH:9
end_of_record
SF:lib/presentation/page/watchlist_tv_series_page.dart
DA:12,1
DA:13,1
DA:18,1
DA:20,1
DA:21,2
DA:22,3
DA:25,1
DA:27,1
DA:28,4
DA:31,0
DA:33,0
DA:36,1
DA:38,1
DA:39,1
DA:41,1
DA:42,1
DA:43,1
DA:47,1
DA:48,1
DA:49,1
DA:50,1
DA:51,1
DA:52,1
DA:53,1
DA:55,1
DA:57,1
DA:59,1
DA:60,1
DA:61,1
DA:73,1
DA:74,1
DA:76,2
DA:79,0
DA:87,1
DA:89,2
DA:90,1
LF:36
LH:33
end_of_record
SF:lib/presentation/page/watchlist_movies_page.dart
DA:12,1
DA:13,1
DA:18,1
DA:20,1
DA:21,2
DA:22,3
DA:25,1
DA:27,1
DA:28,4
DA:31,0
DA:33,0
DA:36,1
DA:38,1
DA:39,1
DA:41,1
DA:42,1
DA:43,1
DA:47,1
DA:48,1
DA:49,1
DA:50,1
DA:51,1
DA:52,1
DA:53,1
DA:55,1
DA:57,1
DA:59,1
DA:60,1
DA:61,1
DA:73,1
DA:74,1
DA:76,2
DA:79,0
DA:87,1
DA:89,2
DA:90,1
LF:36
LH:33
end_of_record
