SF:lib/domain/entities/movie.dart
DA:4,20
DA:13,5
DA:27,15
DA:28,15
DA:29,15
DA:30,15
DA:31,15
DA:32,15
DA:33,15
DA:34,15
LF:10
LH:10
end_of_record
SF:lib/domain/usecases/get_movie_recommendations.dart
DA:13,1
DA:15,1
DA:17,2
LF:3
LH:3
end_of_record
SF:lib/common/failure.dart
DA:6,21
DA:8,2
DA:9,4
DA:13,40
DA:17,4
DA:21,6
DA:25,4
LF:7
LH:7
end_of_record
SF:lib/common/network_info.dart
DA:10,0
DA:12,0
DA:13,0
LF:3
LH:0
end_of_record
SF:lib/data/datasources/db/database_helper.dart
DA:9,0
DA:13,0
DA:17,0
DA:19,0
DA:27,0
DA:28,0
DA:29,0
DA:31,0
DA:35,0
DA:36,0
DA:44,0
DA:45,0
DA:53,0
DA:56,0
DA:58,0
DA:59,0
DA:60,0
DA:61,0
DA:62,0
DA:63,0
DA:68,0
DA:69,0
DA:70,0
DA:73,0
DA:79,0
DA:80,0
DA:81,0
DA:84,0
DA:88,0
DA:89,0
DA:90,0
DA:91,0
DA:92,0
DA:95,0
DA:96,0
DA:97,0
DA:100,0
DA:104,0
DA:105,0
DA:106,0
DA:109,0
DA:112,0
DA:113,0
DA:119,0
DA:120,0
DA:121,0
DA:124,0
LF:47
LH:0
end_of_record
SF:lib/data/datasources/movie_local_data_source.dart
DA:27,1
DA:30,1
DA:32,3
DA:35,2
DA:40,1
DA:42,3
DA:45,2
DA:50,1
DA:51,3
DA:53,1
DA:60,1
DA:61,3
DA:62,4
DA:66,1
DA:67,3
DA:68,3
DA:72,1
DA:73,3
DA:74,2
DA:75,4
DA:77,1
DA:82,1
DA:83,3
DA:84,3
DA:88,1
DA:89,3
DA:91,2
DA:92,4
DA:94,1
LF:29
LH:29
end_of_record
SF:lib/data/datasources/movie_remote_data_source.dart
DA:45,1
DA:48,1
DA:50,5
DA:52,2
DA:53,4
DA:55,1
DA:60,1
DA:62,5
DA:64,2
DA:65,3
DA:67,1
DA:72,1
DA:73,2
DA:74,3
DA:76,2
DA:77,4
DA:79,1
DA:84,1
DA:86,5
DA:88,2
DA:89,4
DA:91,1
DA:96,1
DA:98,5
DA:100,2
DA:101,4
DA:103,1
DA:108,1
DA:109,2
DA:110,3
DA:112,2
DA:113,4
DA:115,1
DA:120,1
DA:122,5
DA:124,2
DA:125,4
DA:127,1
DA:132,1
DA:134,5
DA:136,2
DA:137,4
DA:139,1
DA:144,1
DA:146,5
DA:148,2
DA:149,4
DA:151,1
DA:156,1
DA:157,5
DA:159,2
DA:160,3
DA:162,1
DA:167,1
DA:168,2
DA:169,3
DA:171,2
DA:172,4
DA:174,1
DA:179,1
DA:180,2
DA:181,3
DA:183,2
DA:184,4
DA:186,1
LF:65
LH:65
end_of_record
SF:lib/data/models/movie_detail_model.dart
DA:6,2
DA:52,1
DA:53,1
DA:54,1
DA:55,1
DA:56,1
DA:57,1
DA:58,4
DA:59,1
DA:60,1
DA:61,1
DA:62,1
DA:63,1
DA:64,1
DA:65,2
DA:66,1
DA:67,1
DA:68,1
DA:69,1
DA:70,1
DA:71,1
DA:72,1
DA:73,1
DA:74,2
DA:75,1
DA:78,1
DA:79,1
DA:80,5
DA:81,1
DA:82,1
DA:83,1
DA:84,1
DA:85,1
DA:86,1
DA:87,1
DA:91,1
DA:92,1
DA:93,1
DA:94,1
DA:95,1
DA:96,1
DA:97,1
DA:98,1
DA:99,1
DA:100,1
DA:101,1
DA:102,1
DA:103,1
DA:104,1
DA:105,1
DA:106,1
DA:107,1
DA:108,1
DA:109,1
DA:110,1
DA:111,1
DA:112,1
DA:113,1
LF:58
LH:58
end_of_record
SF:lib/data/models/movie_model.dart
DA:5,4
DA:35,4
DA:36,2
DA:37,2
DA:38,8
DA:39,2
DA:40,2
DA:41,2
DA:42,4
DA:43,2
DA:44,2
DA:45,2
DA:46,2
DA:47,4
DA:48,2
DA:51,2
DA:52,1
DA:53,1
DA:54,4
DA:55,1
DA:56,1
DA:57,1
DA:58,1
DA:59,1
DA:60,1
DA:61,1
DA:62,1
DA:63,1
DA:64,1
DA:67,2
DA:68,2
DA:69,2
DA:70,2
DA:71,2
DA:72,2
DA:73,2
DA:74,2
DA:78,2
DA:79,2
DA:80,2
DA:81,2
DA:82,2
DA:83,2
DA:84,2
DA:85,2
DA:86,2
DA:87,2
DA:88,2
DA:89,2
DA:90,2
DA:91,2
DA:92,2
LF:52
LH:52
end_of_record
SF:lib/data/models/movie_table.dart
DA:13,3
DA:20,2
DA:21,1
DA:22,1
DA:23,1
DA:24,1
DA:27,2
DA:28,1
DA:29,1
DA:30,1
DA:31,1
DA:34,2
DA:35,1
DA:36,1
DA:37,1
DA:38,1
DA:41,2
DA:42,1
DA:43,1
DA:44,1
DA:45,1
DA:48,0
DA:49,0
DA:50,0
DA:51,0
DA:52,0
DA:55,4
DA:56,2
DA:57,2
DA:58,2
DA:59,2
DA:62,3
DA:63,15
LF:33
LH:28
end_of_record
SF:lib/data/models/tv_detail_response.dart
DA:7,2
DA:55,1
DA:56,1
DA:57,1
DA:58,4
DA:59,1
DA:60,1
DA:61,4
DA:62,1
DA:63,4
DA:64,1
DA:65,1
DA:66,1
DA:67,1
DA:68,4
DA:69,1
DA:70,1
DA:71,1
DA:72,2
DA:73,1
DA:74,1
DA:75,4
DA:76,1
DA:77,1
DA:78,1
DA:79,2
DA:80,1
DA:83,1
DA:84,1
DA:85,5
DA:86,1
DA:87,1
DA:88,1
DA:89,1
DA:90,2
DA:91,1
DA:92,1
DA:93,5
DA:97,1
DA:98,1
DA:99,1
DA:100,1
DA:101,1
DA:102,1
DA:103,1
DA:104,1
DA:105,1
DA:106,1
DA:107,1
DA:108,1
DA:109,1
DA:110,1
DA:111,1
DA:112,1
DA:113,1
DA:114,1
DA:115,1
DA:116,1
DA:117,1
DA:118,1
DA:119,1
DA:120,1
DA:125,2
DA:143,2
DA:144,1
DA:145,1
DA:146,1
DA:147,1
DA:148,1
DA:149,1
DA:150,1
DA:153,0
DA:154,0
DA:155,0
DA:156,0
DA:157,0
DA:158,0
DA:159,0
DA:160,0
DA:163,1
DA:164,1
DA:165,1
DA:166,1
DA:167,1
DA:168,1
DA:169,1
DA:170,1
DA:171,1
DA:175,1
DA:177,8
LF:90
LH:82
end_of_record
SF:lib/data/models/tv_model.dart
DA:5,4
DA:35,4
DA:36,2
DA:37,4
DA:38,2
DA:39,2
DA:40,4
DA:41,2
DA:42,2
DA:43,8
DA:44,8
DA:45,2
DA:46,2
DA:47,2
DA:48,2
DA:51,2
DA:52,1
DA:53,1
DA:54,1
DA:55,1
DA:56,1
DA:57,1
DA:58,1
DA:59,4
DA:60,4
DA:61,1
DA:62,1
DA:63,1
DA:64,1
DA:67,2
DA:68,2
DA:69,2
DA:70,2
DA:71,2
DA:72,2
DA:73,2
DA:74,2
DA:78,2
DA:79,2
DA:80,2
DA:81,2
DA:82,2
DA:83,2
DA:84,2
DA:85,2
DA:86,2
DA:87,2
DA:88,2
DA:89,2
DA:90,2
DA:91,2
DA:92,2
LF:52
LH:52
end_of_record
SF:lib/domain/entities/movie_detail.dart
DA:6,10
DA:28,3
DA:29,3
DA:30,3
DA:31,3
DA:32,3
DA:33,3
DA:34,3
DA:35,3
DA:36,3
DA:37,3
LF:11
LH:11
end_of_record
SF:lib/common/exception.dart
DA:6,2
DA:12,3
LF:2
LH:2
end_of_record
SF:lib/data/models/movie_response.dart
DA:7,2
DA:9,4
DA:10,4
DA:11,6
DA:12,6
DA:15,2
DA:16,5
DA:19,1
DA:20,2
LF:9
LH:9
end_of_record
SF:lib/data/models/tv_response.dart
DA:7,2
DA:9,4
DA:10,4
DA:11,6
DA:12,6
DA:15,2
DA:16,5
DA:19,1
DA:20,2
LF:9
LH:9
end_of_record
SF:lib/data/models/genre_model.dart
DA:5,3
DA:13,2
DA:14,1
DA:15,1
DA:18,2
DA:19,6
DA:22,1
DA:23,3
LF:8
LH:8
end_of_record
SF:lib/domain/entities/genre.dart
DA:4,10
DA:12,3
DA:13,9
LF:3
LH:3
end_of_record
SF:lib/domain/entities/season.dart
DA:4,5
DA:22,2
DA:24,16
LF:3
LH:3
end_of_record
SF:lib/common/state_enum.dart
DA:1,52
DA:3,52
LF:2
LH:2
end_of_record
SF:lib/domain/usecases/get_popular_movies.dart
DA:13,1
DA:15,1
DA:17,2
LF:3
LH:3
end_of_record
SF:lib/domain/usecases/get_popular_tv_series.dart
DA:13,1
DA:15,1
DA:17,2
LF:3
LH:3
end_of_record
SF:lib/presentation/bloc/bloc_event.dart
DA:4,13
DA:6,0
DA:7,0
LF:3
LH:1
end_of_record
SF:lib/presentation/bloc/bloc_state.dart
DA:4,12
DA:6,12
DA:7,12
DA:17,12
DA:19,12
DA:20,24
DA:26,12
DA:28,12
DA:29,24
LF:9
LH:9
end_of_record
SF:lib/presentation/bloc/popular/popular_bloc.dart
DA:13,1
DA:14,2
DA:15,2
DA:16,1
DA:18,2
DA:20,1
DA:21,3
DA:22,3
DA:24,1
DA:25,1
DA:26,3
DA:28,1
DA:29,2
LF:13
LH:13
end_of_record
SF:lib/presentation/bloc/popular/popular_event.dart
DA:7,1
DA:9,0
DA:10,0
LF:3
LH:1
end_of_record
SF:lib/domain/usecases/get_top_rated_movies.dart
DA:13,1
DA:15,1
DA:17,2
LF:3
LH:3
end_of_record
SF:lib/domain/usecases/get_airing_today_tv_series.dart
DA:13,1
DA:15,1
DA:17,2
LF:3
LH:3
end_of_record
SF:lib/domain/usecases/remove_watchlist.dart
DA:13,1
DA:15,1
DA:17,2
LF:3
LH:3
end_of_record
SF:lib/domain/usecases/get_tv_series_detail.dart
DA:13,1
DA:15,1
DA:17,2
LF:3
LH:3
end_of_record
SF:lib/domain/usecases/search_tv_series.dart
DA:13,1
DA:15,1
DA:17,2
LF:3
LH:3
end_of_record
SF:lib/domain/usecases/search_movies.dart
DA:13,1
DA:15,1
DA:17,2
LF:3
LH:3
end_of_record
SF:lib/domain/usecases/save_watchlist.dart
DA:13,1
DA:15,1
DA:17,2
LF:3
LH:3
end_of_record
SF:lib/domain/usecases/get_watchlist_status.dart
DA:10,1
DA:13,1
DA:14,2
LF:3
LH:3
end_of_record
SF:lib/domain/usecases/get_tv_series_recommendations.dart
DA:13,1
DA:15,1
DA:17,2
LF:3
LH:3
end_of_record
SF:lib/domain/usecases/get_now_playing_movies.dart
DA:13,1
DA:15,1
DA:17,2
LF:3
LH:3
end_of_record
SF:lib/domain/usecases/get_movie_detail.dart
DA:13,1
DA:15,1
DA:17,2
LF:3
LH:3
end_of_record
SF:lib/domain/usecases/get_top_rated_tv_series.dart
DA:13,1
DA:15,1
DA:17,2
LF:3
LH:3
end_of_record
SF:lib/domain/usecases/get_watchlist_movies.dart
DA:13,1
DA:15,1
DA:17,2
LF:3
LH:3
end_of_record
SF:lib/data/repositories/movie_repository_impl.dart
DA:19,1
DA:26,1
DA:27,3
DA:29,3
DA:30,2
DA:31,4
DA:32,5
DA:33,1
DA:34,2
DA:38,3
DA:39,5
DA:40,1
DA:41,3
DA:47,1
DA:49,3
DA:50,2
DA:51,1
DA:52,2
DA:53,1
DA:54,2
DA:59,1
DA:61,3
DA:62,3
DA:63,1
DA:64,2
DA:65,1
DA:66,2
DA:71,1
DA:73,3
DA:74,5
DA:75,1
DA:76,2
DA:77,1
DA:78,2
DA:83,1
DA:85,3
DA:86,5
DA:87,1
DA:88,2
DA:89,1
DA:90,2
DA:95,1
DA:97,3
DA:98,5
DA:99,1
DA:100,2
DA:101,1
DA:102,2
DA:107,1
DA:110,3
DA:111,1
DA:112,1
DA:113,1
DA:114,3
DA:121,1
DA:124,4
DA:125,1
DA:126,1
DA:127,3
DA:132,1
DA:133,3
DA:138,1
DA:140,3
DA:141,5
LF:64
LH:64
end_of_record
SF:lib/data/repositories/tv_repository_impl.dart
DA:19,1
DA:26,1
DA:27,3
DA:29,3
DA:30,2
DA:31,4
DA:32,5
DA:33,1
DA:34,2
DA:38,3
DA:39,5
DA:40,1
DA:41,3
DA:47,1
DA:49,3
DA:50,5
DA:51,1
DA:52,2
DA:53,1
DA:54,2
DA:59,1
DA:61,3
DA:62,5
DA:63,1
DA:64,2
DA:65,1
DA:66,2
DA:71,1
DA:73,3
DA:74,2
DA:75,1
DA:76,2
DA:77,1
DA:78,2
DA:83,1
DA:86,3
DA:87,3
DA:88,1
DA:89,2
DA:90,1
DA:91,2
DA:96,1
DA:98,3
DA:99,5
DA:100,1
DA:101,2
DA:102,1
DA:103,2
LF:48
LH:48
end_of_record
SF:lib/presentation/provider/popular_movies_notifier.dart
DA:11,1
DA:15,2
DA:19,2
DA:23,2
DA:25,1
DA:26,1
DA:27,1
DA:29,1
DA:30,3
DA:31,3
DA:33,1
DA:34,1
DA:35,2
DA:36,1
DA:37,1
DA:39,1
DA:40,1
DA:41,1
DA:42,1
LF:19
LH:19
end_of_record
SF:lib/presentation/provider/movie_detail_notifier.dart
DA:26,1
DA:38,2
DA:42,2
DA:46,2
DA:50,2
DA:54,2
DA:58,2
DA:60,1
DA:61,1
DA:62,1
DA:63,1
DA:64,3
DA:65,3
DA:67,1
DA:68,3
DA:69,3
DA:71,1
DA:72,1
DA:73,1
DA:74,2
DA:75,1
DA:77,1
DA:78,1
DA:79,1
DA:80,1
DA:81,1
DA:82,1
DA:83,1
DA:84,2
DA:86,1
DA:87,1
DA:88,1
DA:91,1
DA:92,1
DA:99,2
DA:101,1
DA:102,3
DA:104,2
DA:105,1
DA:106,2
DA:108,1
DA:109,1
DA:113,3
DA:116,1
DA:117,3
DA:119,2
DA:120,0
DA:121,0
DA:123,1
DA:124,1
DA:128,3
DA:131,1
DA:132,3
DA:133,1
DA:134,1
LF:55
LH:53
end_of_record
SF:lib/presentation/provider/top_rated_movies_notifier.dart
DA:11,1
DA:16,2
DA:20,2
DA:24,2
DA:26,1
DA:27,1
DA:28,1
DA:30,1
DA:31,3
DA:32,3
DA:34,1
DA:35,1
DA:36,2
DA:37,1
DA:38,1
DA:40,1
DA:41,1
DA:42,1
DA:43,1
LF:19
LH:19
end_of_record
SF:lib/presentation/provider/movie_list_notifier.dart
DA:14,2
DA:18,2
DA:22,2
DA:26,2
DA:30,2
DA:34,2
DA:38,2
DA:40,1
DA:55,1
DA:56,1
DA:57,1
DA:59,1
DA:60,3
DA:61,3
DA:62,1
DA:63,1
DA:64,1
DA:65,2
DA:66,1
DA:68,1
DA:69,1
DA:70,1
DA:71,1
DA:76,1
DA:77,1
DA:78,1
DA:80,1
DA:81,3
DA:82,3
DA:84,1
DA:85,1
DA:86,1
DA:87,2
DA:88,1
DA:90,1
DA:91,1
DA:92,1
DA:93,1
DA:98,1
DA:99,1
DA:100,1
DA:102,1
DA:103,3
DA:104,3
DA:106,1
DA:107,1
DA:108,1
DA:109,2
DA:110,1
DA:112,1
DA:113,1
DA:114,1
DA:115,1
LF:53
LH:53
end_of_record
SF:lib/presentation/provider/home_notifier.dart
DA:12,2
DA:16,2
DA:20,2
DA:24,2
DA:28,2
DA:32,2
DA:36,2
DA:40,2
DA:47,1
DA:56,2
DA:58,1
DA:59,1
DA:60,1
DA:62,3
DA:63,1
DA:64,1
DA:65,1
DA:66,2
DA:67,1
DA:69,1
DA:70,1
DA:71,1
DA:72,1
DA:77,1
DA:78,1
DA:79,1
DA:81,3
DA:82,1
DA:83,1
DA:84,1
DA:85,2
DA:86,1
DA:88,1
DA:89,1
DA:90,1
DA:91,1
DA:96,1
DA:97,1
DA:98,1
DA:100,3
DA:101,1
DA:102,1
DA:103,1
DA:104,2
DA:105,1
DA:107,1
DA:108,1
DA:109,1
DA:110,1
DA:115,1
DA:116,1
DA:117,1
DA:119,3
DA:120,1
DA:121,1
DA:122,1
DA:123,2
DA:124,1
DA:126,1
DA:127,1
DA:128,1
DA:129,1
LF:62
LH:62
end_of_record
SF:lib/presentation/provider/watchlist_movie_notifier.dart
DA:9,2
DA:13,2
DA:17,2
DA:21,2
DA:25,2
DA:29,1
DA:31,1
DA:32,1
DA:33,1
DA:35,4
DA:36,1
DA:37,1
DA:38,1
DA:39,2
DA:40,1
DA:42,1
DA:43,1
DA:44,1
DA:45,1
DA:50,1
DA:51,1
DA:52,1
DA:55,4
DA:56,1
DA:57,1
DA:58,1
DA:59,2
DA:60,1
DA:62,1
DA:63,1
DA:64,1
DA:65,1
LF:32
LH:32
end_of_record
SF:lib/presentation/provider/movie_search_notifier.dart
DA:11,1
DA:18,2
DA:22,2
DA:26,2
DA:28,1
DA:29,2
DA:30,1
DA:33,1
DA:34,1
DA:35,1
DA:37,1
DA:38,3
DA:39,3
DA:40,1
DA:41,1
DA:42,2
DA:43,1
DA:44,1
DA:46,1
DA:47,1
DA:48,1
DA:49,1
LF:22
LH:22
end_of_record
SF:lib/presentation/pages/watchlist_tv_series_page.dart
DA:11,1
DA:12,1
DA:17,1
DA:19,1
DA:20,1
DA:21,3
DA:24,1
DA:26,1
DA:27,4
DA:30,0
DA:31,0
DA:34,1
DA:36,1
DA:38,1
DA:39,0
DA:40,0
DA:41,0
DA:42,0
DA:44,0
DA:45,0
DA:46,0
DA:47,0
DA:48,0
DA:49,0
DA:51,0
DA:53,0
DA:54,0
DA:55,0
DA:56,0
DA:59,0
DA:88,0
DA:90,0
DA:91,0
LF:33
LH:12
end_of_record
SF:lib/common/utils.dart
DA:3,6
LF:1
LH:1
end_of_record
SF:lib/presentation/bloc/watchlist/tv_series/watchlist_tv_series_bloc.dart
DA:11,3
DA:12,2
DA:13,2
DA:16,4
DA:18,1
DA:19,1
DA:20,3
DA:22,1
DA:23,2
LF:9
LH:9
end_of_record
SF:lib/presentation/bloc/watchlist/watchlist_event.dart
DA:4,2
DA:6,0
DA:7,0
LF:3
LH:1
end_of_record
SF:lib/presentation/widgets/movie_card_list.dart
DA:12,0
DA:14,0
DA:16,0
DA:18,0
DA:19,0
DA:20,0
DA:23,0
DA:26,0
DA:28,0
DA:29,0
DA:30,0
DA:36,0
DA:38,0
DA:39,0
DA:40,0
DA:43,0
DA:45,0
DA:46,0
DA:47,0
DA:55,0
DA:60,0
DA:61,0
DA:62,0
DA:64,0
DA:65,0
DA:67,0
DA:69,0
LF:27
LH:0
end_of_record
SF:lib/common/constants.dart
DA:15,0
DA:16,0
DA:17,9
DA:19,0
DA:21,0
DA:25,0
DA:26,0
DA:27,0
DA:28,0
DA:29,0
LF:10
LH:1
end_of_record
SF:lib/presentation/bloc/detail/detail_movie/detail_bloc.dart
DA:13,1
DA:14,2
DA:15,2
DA:16,1
DA:17,1
DA:19,2
DA:21,1
DA:22,3
DA:23,3
DA:25,1
DA:26,1
DA:27,3
DA:29,1
DA:30,2
LF:14
LH:14
end_of_record
SF:lib/presentation/bloc/detail/detail_movie/detail_event.dart
DA:8,1
DA:10,0
DA:11,0
LF:3
LH:1
end_of_record
SF:lib/presentation/bloc/detail/recommendation/recommendation_bloc.dart
DA:13,1
DA:15,2
DA:16,2
DA:17,1
DA:18,1
DA:20,2
DA:22,1
DA:23,3
DA:24,3
DA:26,1
DA:27,1
DA:28,3
DA:30,1
DA:31,2
LF:14
LH:14
end_of_record
SF:lib/presentation/bloc/detail/recommendation/recommendation_event.dart
DA:8,1
DA:10,0
DA:11,0
LF:3
LH:1
end_of_record
SF:lib/presentation/bloc/detail/watchlist/watchlist_bloc.dart
DA:18,0
DA:20,1
DA:22,2
DA:23,2
DA:24,1
DA:26,3
DA:27,2
DA:30,2
DA:31,1
DA:32,1
DA:34,3
DA:36,2
DA:37,0
DA:38,1
DA:39,1
DA:42,3
DA:45,2
DA:46,1
DA:48,3
DA:50,2
DA:51,0
DA:52,1
DA:53,1
DA:56,3
LF:24
LH:21
end_of_record
SF:lib/presentation/bloc/detail/watchlist/watchlist_state.dart
DA:6,1
DA:8,1
DA:9,2
LF:3
LH:3
end_of_record
SF:lib/presentation/bloc/detail/watchlist/watchlist_event.dart
DA:8,1
DA:10,0
DA:11,0
DA:18,1
DA:20,0
DA:21,0
DA:27,1
DA:29,0
DA:30,0
LF:9
LH:3
end_of_record
SF:lib/presentation/bloc/top_rated/top_rated_bloc.dart
DA:13,1
DA:14,2
DA:15,2
DA:16,1
DA:18,2
DA:20,1
DA:21,3
DA:22,3
DA:24,1
DA:25,1
DA:26,3
DA:28,1
DA:29,2
LF:13
LH:13
end_of_record
SF:lib/presentation/bloc/top_rated/top_rated_event.dart
DA:7,1
DA:9,0
DA:10,0
LF:3
LH:1
end_of_record
SF:lib/presentation/pages/movie_detail_page.dart
DA:26,1
DA:28,1
DA:29,1
DA:33,1
DA:35,1
DA:36,2
DA:37,1
DA:38,1
DA:39,0
DA:40,0
DA:41,0
DA:42,0
DA:43,0
DA:44,0
DA:50,1
DA:52,1
DA:53,1
DA:54,0
DA:55,0
DA:56,0
DA:57,0
DA:59,0
DA:60,0
DA:61,0
DA:62,0
DA:64,0
DA:65,0
DA:67,0
DA:104,0
DA:111,0
DA:113,0
DA:114,0
DA:115,0
DA:116,0
DA:117,0
DA:119,0
DA:120,0
DA:122,0
DA:124,0
DA:126,0
DA:127,0
DA:128,0
DA:129,0
DA:131,0
DA:138,0
DA:139,0
DA:140,0
DA:142,0
DA:144,0
DA:146,0
DA:147,0
DA:148,0
DA:149,0
DA:151,0
DA:152,0
DA:153,0
DA:154,0
DA:155,0
DA:156,0
DA:157,0
DA:158,0
DA:161,0
DA:162,0
DA:165,0
DA:166,0
DA:169,0
DA:170,0
DA:171,0
DA:172,0
DA:174,0
DA:176,0
DA:177,0
DA:178,0
DA:179,0
DA:180,0
DA:238,0
DA:239,0
DA:241,0
DA:242,0
DA:244,0
DA:245,0
DA:246,0
DA:247,0
DA:249,0
DA:255,0
DA:258,0
DA:259,0
DA:261,0
DA:263,0
DA:264,0
DA:266,0
DA:267,0
DA:268,0
DA:270,0
DA:271,0
DA:272,0
DA:274,0
DA:276,0
DA:278,0
DA:281,0
DA:282,0
DA:283,0
DA:285,0
DA:290,0
DA:291,0
DA:293,0
DA:295,0
DA:296,0
DA:297,0
DA:298,0
DA:299,0
DA:301,0
DA:302,0
DA:303,0
DA:305,0
DA:307,0
DA:308,0
DA:309,0
DA:311,0
DA:312,0
DA:313,0
DA:317,0
DA:318,0
DA:319,0
DA:322,0
DA:323,0
DA:324,0
DA:326,0
DA:328,0
DA:329,0
DA:330,0
DA:332,0
DA:335,0
DA:336,0
DA:342,0
DA:345,0
DA:346,0
DA:348,0
DA:415,0
DA:417,0
DA:432,0
DA:434,0
DA:437,0
DA:438,0
DA:439,0
DA:440,0
DA:449,0
DA:451,0
DA:452,0
DA:455,0
DA:459,0
DA:462,0
DA:463,0
DA:464,0
DA:466,0
DA:467,0
DA:469,0
DA:478,1
LF:158
LH:12
end_of_record
SF:lib/presentation/widgets/season_tv_card_list.dart
DA:8,0
DA:10,0
DA:12,0
DA:14,0
DA:16,0
DA:17,0
DA:18,0
DA:19,0
DA:21,0
DA:22,0
DA:24,0
DA:25,0
DA:27,0
DA:30,0
DA:33,0
DA:34,0
DA:37,0
DA:39,0
DA:40,0
LF:19
LH:0
end_of_record
SF:lib/presentation/pages/top_rated_movies_page.dart
DA:14,1
DA:16,1
DA:17,1
DA:21,1
DA:23,1
DA:24,2
DA:25,2
DA:28,1
DA:30,1
DA:31,1
DA:32,4
DA:36,1
DA:38,1
DA:39,0
DA:40,0
DA:41,0
DA:42,0
DA:44,0
DA:45,0
DA:46,0
DA:47,0
DA:48,0
DA:49,0
DA:51,0
DA:53,0
DA:54,0
DA:55,0
DA:56,0
DA:59,0
LF:29
LH:13
end_of_record
SF:lib/presentation/pages/watchlist_movies_page.dart
DA:11,1
DA:12,1
DA:17,1
DA:19,1
DA:20,1
DA:21,3
DA:24,1
DA:26,1
DA:27,4
DA:30,0
DA:31,0
DA:34,1
DA:36,1
DA:38,1
DA:39,0
DA:40,0
DA:41,0
DA:42,0
DA:44,0
DA:45,0
DA:46,0
DA:47,0
DA:48,0
DA:49,0
DA:51,0
DA:53,0
DA:54,0
DA:55,0
DA:56,0
DA:59,0
DA:88,0
DA:90,0
DA:91,0
LF:33
LH:12
end_of_record
SF:lib/presentation/bloc/watchlist/movies/watchlist_movies_bloc.dart
DA:11,3
DA:12,2
DA:13,2
DA:16,4
DA:18,1
DA:19,1
DA:20,3
DA:22,1
DA:23,2
LF:9
LH:9
end_of_record
SF:lib/presentation/pages/search_page.dart
DA:16,1
DA:18,1
DA:20,1
DA:21,1
DA:22,1
DA:23,2
DA:28,1
DA:30,1
DA:32,1
DA:33,1
DA:34,0
DA:35,0
DA:37,1
DA:39,1
DA:40,1
DA:44,1
DA:45,1
DA:47,1
DA:49,1
DA:50,0
DA:51,0
DA:52,0
DA:53,0
DA:55,0
DA:56,0
DA:57,0
DA:58,0
DA:60,0
DA:61,0
DA:62,0
DA:64,0
DA:67,0
DA:68,0
DA:69,0
DA:70,0
DA:71,0
DA:75,0
DA:76,0
LF:38
LH:17
end_of_record
SF:lib/presentation/bloc/search/search_bloc.dart
DA:14,3
DA:15,2
DA:16,1
DA:17,1
DA:19,2
DA:20,1
DA:21,3
DA:22,3
DA:24,1
DA:25,1
DA:26,3
DA:28,1
DA:29,2
DA:32,1
DA:35,1
DA:36,3
LF:16
LH:16
end_of_record
SF:lib/presentation/bloc/search/search_event.dart
DA:8,1
DA:10,0
DA:11,0
LF:3
LH:1
end_of_record
SF:lib/presentation/pages/home_page.dart
DA:15,1
DA:16,1
DA:20,1
DA:22,1
DA:23,2
DA:24,2
DA:25,0
DA:26,0
DA:27,0
DA:36,1
DA:38,1
DA:39,1
DA:40,1
DA:41,1
DA:43,1
DA:45,1
DA:46,1
DA:48,1
DA:49,1
DA:51,1
DA:53,1
DA:54,0
DA:55,0
DA:56,0
DA:57,0
DA:59,0
DA:60,0
DA:61,0
DA:62,0
DA:63,0
DA:65,0
DA:81,1
DA:84,1
DA:86,1
DA:88,1
DA:89,0
DA:90,0
DA:91,0
DA:92,0
DA:94,0
DA:95,0
DA:96,0
DA:97,0
DA:98,0
DA:100,0
DA:117,1
DA:120,1
DA:122,1
DA:124,1
DA:125,0
DA:126,0
DA:127,0
DA:128,0
DA:130,0
DA:131,0
DA:132,0
DA:133,0
DA:134,0
DA:136,0
DA:152,1
DA:155,1
DA:157,1
DA:159,1
DA:160,0
DA:161,0
DA:162,0
DA:163,0
DA:165,0
DA:166,0
DA:167,0
DA:168,0
DA:169,0
DA:171,0
LF:73
LH:30
end_of_record
SF:lib/presentation/bloc/home/airing_today/airing_today_bloc.dart
DA:10,1
DA:11,2
DA:12,2
DA:13,2
DA:15,3
DA:17,1
DA:18,1
DA:19,3
DA:21,1
DA:22,2
LF:10
LH:10
end_of_record
SF:lib/presentation/bloc/home/home_event.dart
DA:4,4
DA:6,0
DA:7,0
LF:3
LH:1
end_of_record
SF:lib/presentation/bloc/home/now_playing/now_playing_bloc.dart
DA:10,3
DA:11,2
DA:12,2
DA:14,3
DA:16,1
DA:17,1
DA:18,3
DA:20,1
DA:21,2
LF:9
LH:9
end_of_record
SF:lib/presentation/bloc/home/popular_movies/popular_movies_bloc.dart
DA:10,3
DA:11,2
DA:12,2
DA:14,3
DA:16,1
DA:17,1
DA:18,3
DA:20,1
DA:21,2
LF:9
LH:9
end_of_record
SF:lib/presentation/bloc/home/popular_tv_series/popular_tv_series_bloc.dart
DA:10,3
DA:11,2
DA:12,2
DA:14,3
DA:16,1
DA:17,1
DA:18,3
DA:20,1
DA:21,2
LF:9
LH:9
end_of_record
SF:lib/presentation/bloc/home_movie/playing_today_bloc.dart
DA:13,1
DA:15,2
DA:16,2
DA:17,1
DA:19,2
DA:21,1
DA:22,3
DA:23,3
DA:25,1
DA:26,1
DA:27,3
DA:29,1
DA:30,2
LF:13
LH:13
end_of_record
SF:lib/presentation/bloc/home_movie/playing_today_event.dart
DA:7,1
DA:9,0
DA:10,0
LF:3
LH:1
end_of_record
SF:lib/presentation/pages/home_movie_page.dart
DA:26,1
DA:28,1
DA:29,1
DA:33,1
DA:35,1
DA:36,2
DA:37,1
DA:38,1
DA:39,0
DA:40,0
DA:41,0
DA:45,1
DA:47,1
DA:48,1
DA:49,1
DA:50,3
DA:51,1
DA:52,1
DA:53,0
DA:54,0
DA:57,0
DA:60,1
DA:64,1
DA:66,1
DA:67,1
DA:69,1
DA:70,1
DA:72,1
DA:74,1
DA:75,0
DA:76,0
DA:77,0
DA:78,0
DA:80,0
DA:81,0
DA:82,0
DA:83,0
DA:84,0
DA:86,0
DA:102,1
DA:104,0
DA:107,0
DA:110,1
DA:111,0
DA:112,0
DA:113,0
DA:114,0
DA:116,0
DA:117,0
DA:118,0
DA:119,0
DA:120,0
DA:122,0
DA:138,1
DA:140,0
DA:143,0
DA:146,1
DA:147,0
DA:148,0
DA:149,0
DA:150,0
DA:152,0
DA:153,0
DA:154,0
DA:155,0
DA:156,0
DA:158,0
DA:181,1
DA:182,1
DA:184,1
DA:185,1
DA:187,1
DA:189,1
DA:191,1
DA:193,1
DA:194,3
DA:207,0
DA:209,0
DA:211,0
DA:213,0
DA:215,0
DA:216,0
DA:217,0
DA:219,0
DA:220,0
DA:221,0
DA:225,0
DA:228,0
DA:229,0
DA:230,0
DA:231,0
DA:232,0
DA:233,0
DA:235,0
DA:241,0
LF:95
LH:36
end_of_record
SF:lib/presentation/pages/popular_movies_page.dart
DA:14,1
DA:16,1
DA:17,1
DA:21,1
DA:23,1
DA:24,1
DA:25,3
DA:29,1
DA:31,1
DA:32,1
DA:33,4
DA:37,1
DA:39,1
DA:40,0
DA:41,0
DA:42,0
DA:43,0
DA:45,0
DA:46,0
DA:47,0
DA:48,0
DA:49,0
DA:50,0
DA:52,0
DA:54,0
DA:55,0
DA:56,0
DA:57,0
DA:60,0
LF:29
LH:13
end_of_record
