SF:lib/domain/entities/movie.dart
DA:4,11
DA:13,3
DA:27,4
DA:28,4
DA:29,4
DA:30,4
DA:31,4
DA:32,4
DA:33,4
DA:34,4
LF:10
LH:10
end_of_record
SF:lib/domain/usecases/get_movie_recommendations.dart
DA:13,1
DA:15,1
DA:17,2
LF:3
LH:3
end_of_record
SF:lib/common/failure.dart
DA:6,9
DA:8,2
DA:9,4
DA:13,16
DA:17,4
DA:21,6
DA:25,4
LF:7
LH:7
end_of_record
SF:lib/common/network_info.dart
DA:10,0
DA:12,0
DA:13,0
LF:3
LH:0
end_of_record
SF:lib/data/datasources/db/database_helper.dart
DA:9,0
DA:13,0
DA:17,0
DA:19,0
DA:27,0
DA:28,0
DA:29,0
DA:31,0
DA:35,0
DA:36,0
DA:44,0
DA:45,0
DA:53,0
DA:56,0
DA:58,0
DA:59,0
DA:60,0
DA:61,0
DA:62,0
DA:63,0
DA:68,0
DA:69,0
DA:70,0
DA:73,0
DA:79,0
DA:80,0
DA:81,0
DA:84,0
DA:88,0
DA:89,0
DA:90,0
DA:91,0
DA:92,0
DA:95,0
DA:96,0
DA:97,0
DA:100,0
DA:104,0
DA:105,0
DA:106,0
DA:109,0
DA:112,0
DA:113,0
DA:119,0
DA:120,0
DA:121,0
DA:124,0
LF:47
LH:0
end_of_record
SF:lib/data/datasources/movie_local_data_source.dart
DA:27,1
DA:30,1
DA:32,3
DA:35,2
DA:40,1
DA:42,3
DA:45,2
DA:50,1
DA:51,3
DA:53,1
DA:60,1
DA:61,3
DA:62,4
DA:66,1
DA:67,3
DA:68,3
DA:72,1
DA:73,3
DA:74,2
DA:75,4
DA:77,1
DA:82,1
DA:83,3
DA:84,3
DA:88,1
DA:89,3
DA:91,2
DA:92,4
DA:94,1
LF:29
LH:29
end_of_record
SF:lib/data/datasources/movie_remote_data_source.dart
DA:45,1
DA:48,1
DA:50,5
DA:52,2
DA:53,4
DA:55,1
DA:60,1
DA:62,5
DA:64,2
DA:65,3
DA:67,1
DA:72,1
DA:73,2
DA:74,3
DA:76,2
DA:77,4
DA:79,1
DA:84,1
DA:86,5
DA:88,2
DA:89,4
DA:91,1
DA:96,1
DA:98,5
DA:100,2
DA:101,4
DA:103,1
DA:108,1
DA:109,2
DA:110,3
DA:112,2
DA:113,4
DA:115,1
DA:120,1
DA:122,5
DA:124,2
DA:125,4
DA:127,1
DA:132,1
DA:134,5
DA:136,2
DA:137,4
DA:139,1
DA:144,1
DA:146,5
DA:148,2
DA:149,4
DA:151,1
DA:156,1
DA:157,5
DA:159,2
DA:160,3
DA:162,1
DA:167,1
DA:168,2
DA:169,3
DA:171,2
DA:172,4
DA:174,1
DA:179,1
DA:180,2
DA:181,3
DA:183,2
DA:184,4
DA:186,1
LF:65
LH:65
end_of_record
SF:lib/data/models/movie_detail_model.dart
DA:6,2
DA:52,1
DA:53,1
DA:54,1
DA:55,1
DA:56,1
DA:57,1
DA:58,4
DA:59,1
DA:60,1
DA:61,1
DA:62,1
DA:63,1
DA:64,1
DA:65,2
DA:66,1
DA:67,1
DA:68,1
DA:69,1
DA:70,1
DA:71,1
DA:72,1
DA:73,1
DA:74,2
DA:75,1
DA:78,0
DA:79,0
DA:80,0
DA:81,0
DA:82,0
DA:83,0
DA:84,0
DA:85,0
DA:86,0
DA:87,0
DA:88,0
DA:89,0
DA:90,0
DA:91,0
DA:92,0
DA:93,0
DA:94,0
DA:95,0
DA:96,0
DA:97,0
DA:98,0
DA:99,0
DA:102,1
DA:103,1
DA:104,5
DA:105,1
DA:106,1
DA:107,1
DA:108,1
DA:109,1
DA:110,1
DA:111,1
DA:115,1
DA:117,1
DA:118,1
DA:119,1
DA:120,1
DA:121,1
DA:122,1
DA:123,1
DA:124,1
DA:125,1
DA:126,1
DA:127,1
DA:128,1
DA:129,1
DA:130,1
DA:131,1
DA:132,1
DA:133,1
DA:134,1
DA:135,1
DA:136,1
DA:137,1
DA:138,1
LF:80
LH:58
end_of_record
SF:lib/data/models/movie_model.dart
DA:5,4
DA:35,4
DA:36,2
DA:37,2
DA:38,8
DA:39,2
DA:40,2
DA:41,2
DA:42,4
DA:43,2
DA:44,2
DA:45,2
DA:46,2
DA:47,4
DA:48,2
DA:51,2
DA:52,1
DA:53,1
DA:54,4
DA:55,1
DA:56,1
DA:57,1
DA:58,1
DA:59,1
DA:60,1
DA:61,1
DA:62,1
DA:63,1
DA:64,1
DA:67,2
DA:68,2
DA:69,2
DA:70,2
DA:71,2
DA:72,2
DA:73,2
DA:74,2
DA:78,2
DA:79,2
DA:80,2
DA:81,2
DA:82,2
DA:83,2
DA:84,2
DA:85,2
DA:86,2
DA:87,2
DA:88,2
DA:89,2
DA:90,2
DA:91,2
DA:92,2
LF:52
LH:52
end_of_record
SF:lib/data/models/movie_table.dart
DA:13,3
DA:20,2
DA:21,1
DA:22,1
DA:23,1
DA:24,1
DA:27,2
DA:28,1
DA:29,1
DA:30,1
DA:31,1
DA:34,2
DA:35,1
DA:36,1
DA:37,1
DA:38,1
DA:41,2
DA:42,1
DA:43,1
DA:44,1
DA:45,1
DA:48,0
DA:49,0
DA:50,0
DA:51,0
DA:52,0
DA:55,4
DA:56,2
DA:57,2
DA:58,2
DA:59,2
DA:62,3
DA:64,15
LF:33
LH:28
end_of_record
SF:lib/data/models/tv_detail_response.dart
DA:7,2
DA:55,1
DA:56,1
DA:57,1
DA:58,4
DA:59,1
DA:60,1
DA:61,4
DA:62,1
DA:63,4
DA:64,1
DA:65,1
DA:66,1
DA:67,1
DA:68,4
DA:69,1
DA:70,1
DA:71,1
DA:72,2
DA:73,1
DA:74,1
DA:75,4
DA:76,1
DA:77,1
DA:78,1
DA:79,2
DA:80,1
DA:83,0
DA:84,0
DA:85,0
DA:86,0
DA:87,0
DA:88,0
DA:89,0
DA:90,0
DA:91,0
DA:92,0
DA:93,0
DA:94,0
DA:95,0
DA:96,0
DA:97,0
DA:98,0
DA:99,0
DA:100,0
DA:101,0
DA:102,0
DA:103,0
DA:104,0
DA:105,0
DA:108,1
DA:109,1
DA:110,5
DA:111,1
DA:112,1
DA:113,1
DA:114,1
DA:115,2
DA:116,1
DA:117,1
DA:118,5
DA:122,1
DA:123,1
DA:124,1
DA:125,1
DA:126,1
DA:127,1
DA:128,1
DA:129,1
DA:130,1
DA:131,1
DA:132,1
DA:133,1
DA:134,1
DA:135,1
DA:136,1
DA:137,1
DA:138,1
DA:139,1
DA:140,1
DA:141,1
DA:142,1
DA:143,1
DA:144,1
DA:145,1
DA:150,2
DA:168,2
DA:169,1
DA:170,1
DA:171,1
DA:172,1
DA:173,1
DA:174,1
DA:175,1
DA:178,0
DA:179,0
DA:180,0
DA:181,0
DA:182,0
DA:183,0
DA:184,0
DA:185,0
DA:188,1
DA:189,1
DA:190,1
DA:191,1
DA:192,1
DA:193,1
DA:194,1
DA:195,1
DA:196,1
DA:200,1
DA:202,8
LF:113
LH:82
end_of_record
SF:lib/data/models/tv_model.dart
DA:5,4
DA:35,4
DA:36,2
DA:37,4
DA:38,2
DA:39,2
DA:40,4
DA:41,2
DA:42,2
DA:43,8
DA:44,8
DA:45,2
DA:46,2
DA:47,2
DA:48,2
DA:51,2
DA:52,1
DA:53,1
DA:54,1
DA:55,1
DA:56,1
DA:57,1
DA:58,1
DA:59,4
DA:60,4
DA:61,1
DA:62,1
DA:63,1
DA:64,1
DA:67,2
DA:68,2
DA:69,2
DA:70,2
DA:71,2
DA:72,2
DA:73,2
DA:74,2
DA:78,2
DA:79,2
DA:80,2
DA:81,2
DA:82,2
DA:83,2
DA:84,2
DA:85,2
DA:86,2
DA:87,2
DA:88,2
DA:89,2
DA:90,2
DA:91,2
DA:92,2
LF:52
LH:52
end_of_record
SF:lib/domain/entities/movie_detail.dart
DA:6,8
DA:28,2
DA:29,2
DA:30,2
DA:31,2
DA:32,2
DA:33,2
DA:34,2
DA:35,2
DA:36,2
DA:37,2
LF:11
LH:11
end_of_record
SF:lib/common/exception.dart
DA:6,2
DA:12,3
LF:2
LH:2
end_of_record
SF:lib/data/models/movie_response.dart
DA:7,2
DA:9,4
DA:10,4
DA:11,6
DA:12,6
DA:15,2
DA:16,5
DA:19,1
DA:20,2
LF:9
LH:9
end_of_record
SF:lib/data/models/tv_response.dart
DA:7,2
DA:9,4
DA:11,10
DA:13,2
DA:14,5
DA:17,1
DA:18,2
LF:7
LH:7
end_of_record
SF:lib/data/models/genre_model.dart
DA:5,3
DA:13,2
DA:14,1
DA:15,1
DA:18,0
DA:19,0
DA:20,0
DA:23,2
DA:24,6
DA:27,1
DA:28,3
LF:11
LH:8
end_of_record
SF:lib/domain/entities/genre.dart
DA:4,8
DA:12,2
DA:13,6
LF:3
LH:3
end_of_record
SF:lib/domain/entities/season.dart
DA:4,4
DA:22,1
DA:24,8
LF:3
LH:3
end_of_record
SF:lib/data/repositories/tv_repository_impl.dart
DA:19,1
DA:26,1
DA:27,3
DA:29,3
DA:30,2
DA:31,4
DA:32,5
DA:33,1
DA:34,2
DA:38,3
DA:39,5
DA:40,1
DA:41,3
DA:47,1
DA:49,3
DA:50,5
DA:51,1
DA:52,2
DA:53,1
DA:54,2
DA:59,1
DA:61,3
DA:62,5
DA:63,1
DA:64,2
DA:65,1
DA:66,2
DA:71,1
DA:73,3
DA:74,2
DA:75,1
DA:76,2
DA:77,1
DA:78,2
DA:83,1
DA:86,3
DA:87,3
DA:88,1
DA:89,2
DA:90,1
DA:91,2
DA:96,1
DA:98,3
DA:99,5
DA:100,1
DA:101,2
DA:102,1
DA:103,2
LF:48
LH:48
end_of_record
SF:lib/domain/usecases/get_top_rated_movies.dart
DA:13,1
DA:15,1
DA:17,2
LF:3
LH:3
end_of_record
SF:lib/domain/usecases/get_airing_today_tv_series.dart
DA:13,1
DA:15,1
DA:17,2
LF:3
LH:3
end_of_record
SF:lib/domain/usecases/remove_watchlist.dart
DA:13,1
DA:15,1
DA:17,2
LF:3
LH:3
end_of_record
SF:lib/domain/usecases/get_tv_series_detail.dart
DA:13,1
DA:15,1
DA:17,2
LF:3
LH:3
end_of_record
SF:lib/domain/usecases/search_tv_series.dart
DA:13,1
DA:15,1
DA:17,2
LF:3
LH:3
end_of_record
SF:lib/domain/usecases/search_movies.dart
DA:13,1
DA:15,1
DA:17,2
LF:3
LH:3
end_of_record
SF:lib/common/state_enum.dart
DA:1,19
DA:3,19
LF:2
LH:2
end_of_record
SF:lib/domain/usecases/save_watchlist.dart
DA:13,1
DA:15,1
DA:17,2
LF:3
LH:3
end_of_record
SF:lib/domain/usecases/get_watchlist_status.dart
DA:10,1
DA:13,1
DA:14,2
LF:3
LH:3
end_of_record
SF:lib/domain/usecases/get_popular_tv_series.dart
DA:13,1
DA:15,1
DA:17,2
LF:3
LH:3
end_of_record
SF:lib/domain/usecases/get_tv_series_recommendations.dart
DA:13,1
DA:15,1
DA:17,2
LF:3
LH:3
end_of_record
SF:lib/domain/usecases/get_now_playing_movies.dart
DA:13,1
DA:15,1
DA:17,2
LF:3
LH:3
end_of_record
SF:lib/domain/usecases/get_movie_detail.dart
DA:13,1
DA:15,1
DA:17,2
LF:3
LH:3
end_of_record
SF:lib/domain/usecases/get_top_rated_tv_series.dart
DA:13,1
DA:15,1
DA:17,2
LF:3
LH:3
end_of_record
SF:lib/domain/usecases/get_watchlist_movies.dart
DA:13,1
DA:15,1
DA:17,2
LF:3
LH:3
end_of_record
SF:lib/domain/usecases/get_popular_movies.dart
DA:13,1
DA:15,1
DA:17,2
LF:3
LH:3
end_of_record
SF:lib/data/repositories/movie_repository_impl.dart
DA:19,1
DA:26,1
DA:27,3
DA:29,3
DA:30,2
DA:31,4
DA:32,5
DA:33,1
DA:34,2
DA:38,3
DA:39,5
DA:40,1
DA:41,3
DA:47,1
DA:49,3
DA:50,2
DA:51,1
DA:52,2
DA:53,1
DA:54,2
DA:59,1
DA:61,3
DA:62,3
DA:63,1
DA:64,2
DA:65,1
DA:66,2
DA:71,1
DA:73,3
DA:74,5
DA:75,1
DA:76,2
DA:77,1
DA:78,2
DA:83,1
DA:85,3
DA:86,5
DA:87,1
DA:88,2
DA:89,1
DA:90,2
DA:95,1
DA:97,3
DA:98,5
DA:99,1
DA:100,2
DA:101,1
DA:102,2
DA:107,1
DA:110,3
DA:111,1
DA:112,1
DA:113,1
DA:114,3
DA:121,1
DA:124,4
DA:125,1
DA:126,1
DA:127,3
DA:132,1
DA:133,3
DA:138,1
DA:140,3
DA:141,5
LF:64
LH:64
end_of_record
SF:lib/presentation/provider/popular_movies_notifier.dart
DA:11,1
DA:15,2
DA:19,2
DA:23,2
DA:25,1
DA:26,1
DA:27,1
DA:29,1
DA:30,3
DA:31,3
DA:33,1
DA:34,1
DA:35,2
DA:36,1
DA:37,1
DA:39,1
DA:40,1
DA:41,1
DA:42,1
LF:19
LH:19
end_of_record
SF:lib/presentation/provider/movie_detail_notifier.dart
DA:26,1
DA:38,2
DA:42,2
DA:46,2
DA:50,2
DA:54,2
DA:58,2
DA:60,1
DA:61,1
DA:62,1
DA:63,1
DA:64,3
DA:65,3
DA:67,1
DA:68,3
DA:69,3
DA:71,1
DA:72,1
DA:73,1
DA:74,2
DA:75,1
DA:77,1
DA:78,1
DA:79,1
DA:80,1
DA:81,1
DA:82,1
DA:83,1
DA:84,2
DA:86,1
DA:87,1
DA:88,1
DA:91,1
DA:92,1
DA:99,2
DA:101,1
DA:102,3
DA:104,2
DA:105,1
DA:106,2
DA:108,1
DA:109,1
DA:113,3
DA:116,1
DA:117,3
DA:119,2
DA:120,0
DA:121,0
DA:123,1
DA:124,1
DA:128,3
DA:131,1
DA:132,3
DA:133,1
DA:134,1
LF:55
LH:53
end_of_record
SF:lib/presentation/provider/top_rated_movies_notifier.dart
DA:11,1
DA:16,2
DA:20,2
DA:24,2
DA:26,1
DA:27,1
DA:28,1
DA:30,1
DA:31,3
DA:32,3
DA:34,1
DA:35,1
DA:36,2
DA:37,1
DA:38,1
DA:40,1
DA:41,1
DA:42,1
DA:43,1
LF:19
LH:19
end_of_record
SF:lib/presentation/provider/movie_list_notifier.dart
DA:14,2
DA:18,2
DA:22,2
DA:26,2
DA:30,2
DA:34,2
DA:38,2
DA:40,1
DA:55,1
DA:56,1
DA:57,1
DA:59,1
DA:60,3
DA:61,3
DA:62,1
DA:63,1
DA:64,1
DA:65,2
DA:66,1
DA:68,1
DA:69,1
DA:70,1
DA:71,1
DA:76,1
DA:77,1
DA:78,1
DA:80,1
DA:81,3
DA:82,3
DA:84,1
DA:85,1
DA:86,1
DA:87,2
DA:88,1
DA:90,1
DA:91,1
DA:92,1
DA:93,1
DA:98,1
DA:99,1
DA:100,1
DA:102,1
DA:103,3
DA:104,3
DA:106,1
DA:107,1
DA:108,1
DA:109,2
DA:110,1
DA:112,1
DA:113,1
DA:114,1
DA:115,1
LF:53
LH:53
end_of_record
SF:lib/presentation/provider/home_notifier.dart
DA:12,2
DA:16,2
DA:20,2
DA:24,2
DA:28,2
DA:32,2
DA:36,2
DA:40,2
DA:47,1
DA:56,2
DA:58,1
DA:59,1
DA:60,1
DA:62,3
DA:63,1
DA:64,1
DA:65,1
DA:66,2
DA:67,1
DA:69,1
DA:70,1
DA:71,1
DA:72,1
DA:77,1
DA:78,1
DA:79,1
DA:81,3
DA:82,1
DA:83,1
DA:84,1
DA:85,2
DA:86,1
DA:88,1
DA:89,1
DA:90,1
DA:91,1
DA:96,1
DA:97,1
DA:98,1
DA:100,3
DA:101,1
DA:102,1
DA:103,1
DA:104,2
DA:105,1
DA:107,1
DA:108,1
DA:109,1
DA:110,1
DA:115,1
DA:116,1
DA:117,1
DA:119,3
DA:120,1
DA:121,1
DA:122,1
DA:123,2
DA:124,1
DA:126,1
DA:127,1
DA:128,1
DA:129,1
LF:62
LH:62
end_of_record
SF:lib/presentation/provider/watchlist_movie_notifier.dart
DA:9,2
DA:13,2
DA:17,2
DA:21,2
DA:25,2
DA:29,1
DA:31,1
DA:32,1
DA:33,1
DA:35,4
DA:36,1
DA:37,1
DA:38,1
DA:39,2
DA:40,1
DA:42,1
DA:43,1
DA:44,1
DA:45,1
DA:50,1
DA:51,1
DA:52,1
DA:55,4
DA:56,1
DA:57,1
DA:58,1
DA:59,2
DA:60,1
DA:62,1
DA:63,1
DA:64,1
DA:65,1
LF:32
LH:32
end_of_record
SF:lib/presentation/provider/movie_search_notifier.dart
DA:11,1
DA:18,2
DA:22,2
DA:26,2
DA:28,1
DA:29,2
DA:30,1
DA:33,1
DA:34,1
DA:35,1
DA:37,1
DA:38,3
DA:39,3
DA:40,1
DA:41,1
DA:42,2
DA:43,1
DA:44,1
DA:46,1
DA:47,1
DA:48,1
DA:49,1
LF:22
LH:22
end_of_record
SF:lib/presentation/pages/top_rated_movies_page.dart
DA:12,1
DA:14,1
DA:15,1
DA:19,1
DA:21,1
DA:22,2
DA:23,2
DA:24,3
DA:27,1
DA:29,1
DA:30,1
DA:31,4
DA:35,1
DA:37,1
DA:38,1
DA:39,2
DA:40,1
DA:41,1
DA:43,2
DA:44,1
DA:45,0
DA:46,0
DA:47,0
DA:49,2
DA:52,1
DA:53,1
DA:54,2
LF:27
LH:24
end_of_record
SF:lib/common/constants.dart
DA:15,2
DA:16,1
DA:17,12
DA:19,0
DA:21,0
DA:25,0
LF:6
LH:3
end_of_record
SF:lib/presentation/pages/movie_detail_page.dart
DA:20,1
DA:22,1
DA:23,1
DA:27,1
DA:29,1
DA:30,2
DA:31,2
DA:32,7
DA:33,2
DA:34,4
DA:38,1
DA:40,1
DA:41,1
DA:42,1
DA:43,2
DA:44,0
DA:45,0
DA:47,2
DA:48,1
DA:49,1
DA:50,1
DA:52,3
DA:53,1
DA:54,1
DA:58,0
DA:72,1
DA:79,1
DA:81,3
DA:82,1
DA:83,1
DA:84,1
DA:85,3
DA:87,2
DA:88,1
DA:90,0
DA:92,1
DA:94,1
DA:95,1
DA:96,1
DA:97,1
DA:99,2
DA:106,1
DA:107,1
DA:108,1
DA:110,1
DA:112,1
DA:114,1
DA:115,1
DA:116,2
DA:117,1
DA:119,1
DA:120,1
DA:121,1
DA:122,2
DA:125,4
DA:127,0
DA:130,0
DA:134,1
DA:136,1
DA:138,1
DA:141,1
DA:144,2
DA:145,2
DA:147,1
DA:149,1
DA:150,1
DA:151,1
DA:156,1
DA:158,1
DA:159,1
DA:160,1
DA:161,1
DA:162,1
DA:166,1
DA:167,3
DA:169,1
DA:170,3
DA:172,1
DA:173,1
DA:174,1
DA:175,3
DA:177,2
DA:183,4
DA:186,1
DA:187,1
DA:189,1
DA:191,1
DA:192,2
DA:194,2
DA:195,2
DA:196,0
DA:198,0
DA:199,0
DA:200,0
DA:202,0
DA:204,0
DA:206,0
DA:209,0
DA:210,0
DA:211,0
DA:213,0
DA:218,1
DA:219,1
DA:221,1
DA:223,1
DA:224,1
DA:225,2
DA:227,0
DA:228,0
DA:230,2
DA:232,0
DA:233,2
DA:235,1
DA:237,1
DA:239,0
DA:240,0
DA:241,0
DA:243,0
DA:244,0
DA:245,0
DA:249,0
DA:250,0
DA:251,0
DA:254,0
DA:255,0
DA:256,0
DA:258,0
DA:260,0
DA:261,0
DA:262,0
DA:264,0
DA:267,0
DA:268,0
DA:274,2
DA:278,0
DA:286,1
DA:288,1
DA:303,1
DA:305,1
DA:308,1
DA:309,1
DA:310,0
DA:311,0
DA:320,1
DA:322,2
DA:323,3
DA:326,1
DA:330,3
DA:333,1
DA:334,1
DA:335,1
DA:337,1
DA:338,1
DA:340,0
DA:349,1
LF:155
LH:112
end_of_record
SF:lib/presentation/widgets/season_tv_card_list.dart
DA:8,0
DA:10,0
DA:12,0
DA:14,0
DA:16,0
DA:17,0
DA:18,0
DA:19,0
DA:21,0
DA:22,0
DA:24,0
DA:25,0
DA:27,0
DA:30,0
DA:33,0
DA:34,0
DA:37,0
DA:39,0
DA:40,0
LF:19
LH:0
end_of_record
SF:lib/presentation/widgets/movie_card_list.dart
DA:12,0
DA:14,0
DA:16,0
DA:18,0
DA:19,0
DA:20,0
DA:23,0
DA:26,0
DA:28,0
DA:29,0
DA:30,0
DA:36,0
DA:38,0
DA:39,0
DA:40,0
DA:43,0
DA:45,0
DA:46,0
DA:47,0
DA:55,0
DA:60,0
DA:61,0
DA:62,0
DA:64,0
DA:65,0
DA:67,0
DA:69,0
LF:27
LH:0
end_of_record
SF:lib/presentation/pages/watchlist_tv_series_page.dart
DA:8,1
DA:9,1
DA:13,1
DA:15,1
DA:16,2
DA:17,2
DA:18,1
DA:21,1
DA:23,1
DA:25,1
DA:26,1
DA:27,2
DA:28,1
DA:29,1
DA:31,2
DA:32,1
DA:33,0
DA:34,0
DA:35,0
DA:37,2
DA:40,1
DA:41,1
DA:42,2
LF:23
LH:20
end_of_record
SF:lib/presentation/pages/watchlist_movies_page.dart
DA:8,1
DA:9,1
DA:13,1
DA:15,1
DA:16,2
DA:17,2
DA:18,1
DA:21,1
DA:23,1
DA:25,1
DA:26,1
DA:27,2
DA:28,1
DA:29,1
DA:31,2
DA:32,1
DA:33,0
DA:34,0
DA:35,0
DA:37,2
DA:40,1
DA:41,1
DA:42,2
LF:23
LH:20
end_of_record
SF:lib/presentation/pages/search_page.dart
DA:13,1
DA:15,1
DA:17,2
DA:18,1
DA:19,1
DA:20,1
DA:21,2
DA:26,1
DA:28,1
DA:30,1
DA:31,1
DA:32,0
DA:33,0
DA:34,0
DA:36,1
DA:38,1
DA:39,1
DA:43,1
DA:44,1
DA:46,1
DA:48,1
DA:49,1
DA:50,2
DA:51,1
DA:52,1
DA:54,2
DA:55,1
DA:56,1
DA:57,1
DA:59,0
DA:60,0
DA:61,0
DA:63,1
DA:67,1
DA:68,1
DA:69,1
DA:70,2
LF:37
LH:31
end_of_record
SF:lib/presentation/pages/home_page.dart
DA:10,1
DA:11,1
DA:15,1
DA:17,1
DA:18,4
DA:19,1
DA:20,1
DA:21,1
DA:22,1
DA:25,1
DA:27,1
DA:28,1
DA:29,1
DA:30,1
DA:32,1
DA:34,1
DA:35,1
DA:37,1
DA:38,1
DA:40,1
DA:42,2
DA:43,1
DA:44,1
DA:45,1
DA:46,1
DA:48,1
DA:49,2
DA:51,1
DA:54,1
DA:57,1
DA:59,1
DA:61,2
DA:62,1
DA:63,1
DA:64,1
DA:65,1
DA:67,1
DA:68,1
DA:69,1
DA:71,1
DA:74,1
DA:77,1
DA:79,1
DA:81,2
DA:82,1
DA:83,1
DA:84,1
DA:85,1
DA:87,1
DA:88,2
DA:90,1
DA:93,1
DA:96,1
DA:98,1
DA:100,2
DA:101,1
DA:102,1
DA:103,1
DA:104,1
DA:106,1
DA:107,1
DA:108,1
DA:110,1
LF:63
LH:63
end_of_record
SF:lib/presentation/pages/home_movie_page.dart
DA:20,1
DA:22,1
DA:23,1
DA:27,1
DA:29,1
DA:30,1
DA:31,3
DA:32,3
DA:33,3
DA:34,3
DA:37,1
DA:39,1
DA:40,1
DA:41,1
DA:42,3
DA:43,1
DA:44,1
DA:45,0
DA:46,0
DA:49,0
DA:52,1
DA:56,1
DA:58,1
DA:59,1
DA:61,1
DA:62,1
DA:64,1
DA:66,2
DA:67,1
DA:68,1
DA:69,1
DA:70,1
DA:72,1
DA:73,4
DA:75,1
DA:78,1
DA:80,0
DA:83,0
DA:86,2
DA:87,1
DA:88,1
DA:89,1
DA:90,1
DA:92,1
DA:93,4
DA:95,1
DA:98,1
DA:100,0
DA:103,0
DA:106,2
DA:107,1
DA:108,1
DA:109,1
DA:110,1
DA:112,1
DA:113,4
DA:115,1
DA:125,1
DA:126,1
DA:128,1
DA:129,1
DA:131,1
DA:133,1
DA:135,1
DA:137,1
DA:138,3
DA:151,2
DA:153,2
DA:155,2
DA:157,2
DA:159,0
DA:160,0
DA:161,0
DA:163,0
DA:164,0
DA:165,0
DA:169,0
DA:172,0
DA:173,0
DA:174,0
DA:175,0
DA:176,0
DA:177,0
DA:179,0
DA:185,4
LF:85
LH:64
end_of_record
SF:lib/presentation/pages/popular_movies_page.dart
DA:12,1
DA:14,1
DA:15,1
DA:19,1
DA:21,1
DA:22,1
DA:23,3
DA:24,3
DA:28,1
DA:30,1
DA:31,1
DA:32,4
DA:36,1
DA:38,1
DA:39,1
DA:40,2
DA:41,1
DA:42,1
DA:44,2
DA:45,1
DA:46,0
DA:47,0
DA:48,0
DA:50,2
DA:53,1
DA:54,1
DA:55,2
LF:27
LH:24
end_of_record
